#
# A fatal error has been detected by the Java Runtime Environment:
#
#  Internal Error (javaClasses.cpp:124), pid=4892, tid=7584
#  fatal error: Invalid layout of preloaded class
#
# JRE version:  (8.0_11-b12) (build )
# Java VM: Java HotSpot(TM) Client VM (25.11-b03 mixed mode windows-x86 )
# Failed to write core dump. Minidumps are not enabled by default on client versions of Windows
#
# If you would like to submit a bug report, please visit:
#   http://bugreport.sun.com/bugreport/crash.jsp
#

---------------  T H R E A D  ---------------

Current thread (0x00a5cc00):  JavaThread "Unknown thread" [_thread_in_vm, id=7584, stack(0x00300000,0x00350000)]

Stack: [0x00300000,0x00350000],  sp=0x0034f690,  free space=317k
Native frames: (J=compiled Java code, j=interpreted, Vv=VM code, C=native code)
V  [jvm.dll+0x19231b]
V  [jvm.dll+0x18b3f6]
V  [jvm.dll+0x3ae6a]
V  [jvm.dll+0x3b020]
V  [jvm.dll+0x49d23]
V  [jvm.dll+0x9c39e]
V  [jvm.dll+0x9c662]
V  [jvm.dll+0x140b01]
V  [jvm.dll+0x164898]
V  [jvm.dll+0xd8d11]
C  [javaw.exe+0x13ce]
C  [javaw.exe+0x1e85]
C  [javaw.exe+0xab91]
C  [javaw.exe+0xac1b]
C  [kernel32.dll+0x53c45]
C  [ntdll.dll+0x637f5]
C  [ntdll.dll+0x637c8]


---------------  P R O C E S S  ---------------

Java Threads: ( => current thread )

Other Threads:

=>0x00a5cc00 (exited) JavaThread "Unknown thread" [_thread_in_vm, id=7584, stack(0x00300000,0x00350000)]

VM state:not at safepoint (not fully initialized)

VM Mutex/Monitor currently owned by a thread: None

GC Heap History (0 events):
No events

Deoptimization events (0 events):
No events

Internal exceptions (0 events):
No events

Events (10 events):
Event: 0.014 loading class java/lang/CharSequence done
Event: 0.014 loading class java/lang/String done
Event: 0.014 loading class java/lang/Class
Event: 0.014 loading class java/lang/reflect/AnnotatedElement
Event: 0.014 loading class java/lang/reflect/AnnotatedElement done
Event: 0.015 loading class java/lang/reflect/GenericDeclaration
Event: 0.015 loading class java/lang/reflect/GenericDeclaration done
Event: 0.015 loading class java/lang/reflect/Type
Event: 0.015 loading class java/lang/reflect/Type done
Event: 0.015 loading class java/lang/Class done


Dynamic libraries:
0x00b70000 - 0x00ba0000 	E:\jdk1.8.0\bin\javaw.exe
0x77c10000 - 0x77d4c000 	C:\Windows\SYSTEM32\ntdll.dll
0x77d60000 - 0x77e34000 	C:\Windows\system32\kernel32.dll
0x75e00000 - 0x75e4a000 	C:\Windows\system32\KERNELBASE.dll
0x77ac0000 - 0x77b60000 	C:\Windows\system32\ADVAPI32.dll
0x77070000 - 0x7711c000 	C:\Windows\system32\msvcrt.dll
0x77410000 - 0x77429000 	C:\Windows\SYSTEM32\sechost.dll
0x77360000 - 0x77401000 	C:\Windows\system32\RPCRT4.dll
0x760f0000 - 0x761b9000 	C:\Windows\system32\USER32.dll
0x77020000 - 0x7706e000 	C:\Windows\system32\GDI32.dll
0x77d50000 - 0x77d5a000 	C:\Windows\system32\LPK.dll
0x77470000 - 0x7750d000 	C:\Windows\system32\USP10.dll
0x75090000 - 0x7522e000 	C:\Windows\WinSxS\x86_microsoft.windows.common-controls_6595b64144ccf1df_6.0.7601.17514_none_41e6975e2bd6f2b2\COMCTL32.dll
0x77a60000 - 0x77ab7000 	C:\Windows\system32\SHLWAPI.dll
0x77b60000 - 0x77b7f000 	C:\Windows\system32\IMM32.DLL
0x777f0000 - 0x778bc000 	C:\Windows\system32\MSCTF.dll
0x65120000 - 0x651df000 	E:\jdk1.8.0\jre\bin\msvcr100.dll
0x5bb20000 - 0x5beb7000 	E:\jdk1.8.0\jre\bin\client\jvm.dll
0x6fbc0000 - 0x6fbc7000 	C:\Windows\system32\WSOCK32.dll
0x77430000 - 0x77465000 	C:\Windows\system32\WS2_32.dll
0x77510000 - 0x77516000 	C:\Windows\system32\NSI.dll
0x74630000 - 0x74662000 	C:\Windows\system32\WINMM.dll
0x763c0000 - 0x763c5000 	C:\Windows\system32\PSAPI.DLL
0x73e00000 - 0x73e0c000 	E:\jdk1.8.0\jre\bin\verify.dll
0x6bfe0000 - 0x6c001000 	E:\jdk1.8.0\jre\bin\java.dll
0x73c80000 - 0x73c93000 	E:\jdk1.8.0\jre\bin\zip.dll
0x717a0000 - 0x7188b000 	C:\Windows\system32\dbghelp.dll

VM Arguments:
jvm_args: -Dfile.encoding=GBK -Xbootclasspath:D:\Eclipse\adt-bundle-windows-x86-20130917\sdk\platforms\android-18\android.jar 
java_command: com.scau.keshe.sharespace.register.ClientBehavior
java_class_path (initial): E:\AndroidWorkPlace\ShareSpace\bin\classes;E:\AndroidWorkPlace\ShareSpace\libs\netty-all-4.0.10.Final.jar;E:\AndroidWorkPlace\ShareSpace\libs\slf4j-api-1.7.5.jar;E:\AndroidWorkPlace\ShareSpace\libs\share-client-1.0.jar;E:\AndroidWorkPlace\ShareSpace\libs\android-support-v4.jar;E:\AndroidWorkPlace\ShareSpace\libs\share-protocol-1.0.jar;E:\AndroidWorkPlace\ShareSpace\libs\logback-classic-1.0.11.jar;E:\AndroidWorkPlace\ShareSpace\libs\share-client-1.0-sources.jar;E:\AndroidWorkPlace\ShareSpace\libs\cglib-2.2.2.jar;E:\AndroidWorkPlace\ShareSpace\libs\asm-3.3.1.jar;E:\AndroidWorkPlace\ShareSpace\libs\share-protocol-1.0-sources.jar;E:\AndroidWorkPlace\ShareSpace\libs\pinyin4j-2.5.0.jar;E:\AndroidWorkPlace\ShareSpace\libs\logback-core-1.0.11.jar;E:\AndroidWorkPlace\ShareSpace\libs\hessian-4.0.7.jar;E:\AndroidWorkPlace\ShareSpace\libs\httpmime-4.5.2.jar;E:\AndroidWorkPlace\ShareSpace\libs\share-util-1.0-sources.jar;E:\AndroidWorkPlace\ShareSpace\libs\fastjson-1.2.7.jar;E:\AndroidWorkPlace\ShareSpace\libs\httpcore-4.4.4.jar;E:\AndroidWorkPlace\ShareSpace\libs\share-util-1.0.jar
Launcher Type: SUN_STANDARD

Environment Variables:
JAVA_HOME=E:\jdk1.8.0
CLASSPATH=.;E:\jdk1.8.0\lib;E:\jdk1.8.0\lib\tools.jar;
PATH=E:/jdk1.8.0/bin/../jre/bin/client;E:/jdk1.8.0/bin/../jre/bin;E:/jdk1.8.0/bin/../jre/lib/i386;C:\Program Files\NVIDIA Corporation\PhysX\Common;C:\Program Files\Common Files\Microsoft Shared\Windows Live;C:\Windows\system32;C:\Windows;C:\Windows\System32\Wbem;C:\Windows\System32\WindowsPowerShell\v1.0\;E:\jdk1.8.0\bin;E:\jdk1.8.0\jre\bin;C:\Program Files\GtkSharp\2.12\bin;G:\Bluetooth\;F:\roseworkplace\common;G:\svnTortoise\bin;E:\maven3.3.9\apache-maven-3.3.9\bin;D:\android_util\android-sdk-windows\tools;D:\mysql-5.6.24-win32\bin;F:\AndroidStudio\sdk\platform-tools;F:\AndroidStudio\sdk\tools;E:\Cocos\Cocos2d-x\Cocos2d-x-3.10\templates;E:\Cocos\Cocos2d-x\Cocos2d-x-3.10\tools\cocos2d-console\bin;ommonProgramFiles\Microsoft Shared\Windows Live;D:\Eclipse\adt-bundle-windows-x86-20130917\eclipse;
USERNAME=ShouLun
OS=Windows_NT
PROCESSOR_IDENTIFIER=x86 Family 6 Model 37 Stepping 2, GenuineIntel



---------------  S Y S T E M  ---------------

OS: Windows 7 Build 7601 Service Pack 1

CPU:total 4 (2 cores per cpu, 2 threads per core) family 6 model 37 stepping 2, cmov, cx8, fxsr, mmx, sse, sse2, sse3, ssse3, sse4.1, sse4.2, popcnt, aes, clmul, ht, tsc, tscinvbit

Memory: 4k page, physical 3059076k(507468k free), swap 6116396k(2118916k free)

vm_info: Java HotSpot(TM) Client VM (25.11-b03) for windows-x86 JRE (1.8.0_11-b12), built on Jun 16 2014 18:18:58 by "java_re" with MS VC++ 10.0 (VS2010)

time: Sat Nov 19 13:44:28 2016
elapsed time: 0 seconds

